[0.098s] DEBUG:colcon:Command line arguments: ['/usr/bin/colcon', 'build', '--packages-select', 'ros_cpp_node']
[0.098s] DEBUG:colcon:Parsed command line arguments: Namespace(log_base=None, log_level=None, verb_name='build', build_base='build', install_base='install', merge_install=False, symlink_install=False, test_result_base=None, continue_on_error=False, executor='parallel', parallel_workers=4, event_handlers=None, ignore_user_meta=False, metas=['./colcon.meta'], base_paths=['.'], packages_ignore=None, packages_ignore_regex=None, paths=None, packages_up_to=None, packages_up_to_regex=None, packages_above=None, packages_above_and_dependencies=None, packages_above_depth=None, packages_select_by_dep=None, packages_skip_by_dep=None, packages_skip_up_to=None, packages_select_build_failed=False, packages_skip_build_finished=False, packages_select_test_failures=False, packages_skip_test_passed=False, packages_select=['ros_cpp_node'], packages_skip=None, packages_select_regex=None, packages_skip_regex=None, packages_start=None, packages_end=None, cmake_args=None, cmake_target=None, cmake_target_skip_unavailable=False, cmake_clean_cache=False, cmake_clean_first=False, cmake_force_configure=False, ament_cmake_args=None, catkin_cmake_args=None, catkin_skip_building_tests=False, mixin_files=None, mixin=None, verb_parser=<colcon_mixin.mixin.mixin_argument.MixinArgumentDecorator object at 0x7513cc567fe0>, verb_extension=<colcon_core.verb.build.BuildVerb object at 0x7513cc567d10>, main=<bound method BuildVerb.main of <colcon_core.verb.build.BuildVerb object at 0x7513cc567d10>>, mixin_verb=('build',))
[0.136s] Level 1:colcon.colcon_core.package_discovery:discover_packages(colcon_meta) check parameters
[0.136s] Level 1:colcon.colcon_core.package_discovery:discover_packages(recursive) check parameters
[0.136s] Level 1:colcon.colcon_core.package_discovery:discover_packages(ignore) check parameters
[0.136s] Level 1:colcon.colcon_core.package_discovery:discover_packages(path) check parameters
[0.136s] Level 1:colcon.colcon_core.package_discovery:discover_packages(colcon_meta) discover
[0.136s] Level 1:colcon.colcon_core.package_discovery:discover_packages(recursive) discover
[0.136s] INFO:colcon.colcon_core.package_discovery:Crawling recursively for packages in '/home/azureuser/robot_learn/ros2_learn'
[0.136s] Level 1:colcon.colcon_core.package_identification:_identify(.) by extensions ['ignore', 'ignore_ament_install']
[0.136s] Level 1:colcon.colcon_core.package_identification:_identify(.) by extension 'ignore'
[0.136s] Level 1:colcon.colcon_core.package_identification:_identify(.) by extension 'ignore_ament_install'
[0.136s] Level 1:colcon.colcon_core.package_identification:_identify(.) by extensions ['colcon_pkg']
[0.136s] Level 1:colcon.colcon_core.package_identification:_identify(.) by extension 'colcon_pkg'
[0.136s] Level 1:colcon.colcon_core.package_identification:_identify(.) by extensions ['colcon_meta']
[0.136s] Level 1:colcon.colcon_core.package_identification:_identify(.) by extension 'colcon_meta'
[0.136s] Level 1:colcon.colcon_core.package_identification:_identify(.) by extensions ['ros']
[0.137s] Level 1:colcon.colcon_core.package_identification:_identify(.) by extension 'ros'
[0.159s] Level 1:colcon.colcon_core.package_identification:_identify(.) by extensions ['cmake', 'python']
[0.159s] Level 1:colcon.colcon_core.package_identification:_identify(.) by extension 'cmake'
[0.159s] Level 1:colcon.colcon_core.package_identification:_identify(.) by extension 'python'
[0.159s] Level 1:colcon.colcon_core.package_identification:_identify(.) by extensions ['python_setup_py']
[0.159s] Level 1:colcon.colcon_core.package_identification:_identify(.) by extension 'python_setup_py'
[0.160s] Level 1:colcon.colcon_core.package_identification:_identify(build) by extensions ['ignore', 'ignore_ament_install']
[0.160s] Level 1:colcon.colcon_core.package_identification:_identify(build) by extension 'ignore'
[0.160s] Level 1:colcon.colcon_core.package_identification:_identify(build) ignored
[0.160s] Level 1:colcon.colcon_core.package_identification:_identify(install) by extensions ['ignore', 'ignore_ament_install']
[0.160s] Level 1:colcon.colcon_core.package_identification:_identify(install) by extension 'ignore'
[0.160s] Level 1:colcon.colcon_core.package_identification:_identify(install) ignored
[0.160s] Level 1:colcon.colcon_core.package_identification:_identify(log) by extensions ['ignore', 'ignore_ament_install']
[0.160s] Level 1:colcon.colcon_core.package_identification:_identify(log) by extension 'ignore'
[0.160s] Level 1:colcon.colcon_core.package_identification:_identify(log) ignored
[0.160s] Level 1:colcon.colcon_core.package_identification:_identify(node) by extensions ['ignore', 'ignore_ament_install']
[0.160s] Level 1:colcon.colcon_core.package_identification:_identify(node) by extension 'ignore'
[0.160s] Level 1:colcon.colcon_core.package_identification:_identify(node) by extension 'ignore_ament_install'
[0.160s] Level 1:colcon.colcon_core.package_identification:_identify(node) by extensions ['colcon_pkg']
[0.160s] Level 1:colcon.colcon_core.package_identification:_identify(node) by extension 'colcon_pkg'
[0.161s] Level 1:colcon.colcon_core.package_identification:_identify(node) by extensions ['colcon_meta']
[0.161s] Level 1:colcon.colcon_core.package_identification:_identify(node) by extension 'colcon_meta'
[0.161s] Level 1:colcon.colcon_core.package_identification:_identify(node) by extensions ['ros']
[0.161s] Level 1:colcon.colcon_core.package_identification:_identify(node) by extension 'ros'
[0.163s] DEBUG:colcon.colcon_core.package_identification:Package 'node' with type 'ros.ament_cmake' and name 'ros_cpp_node'
[0.163s] Level 1:colcon.colcon_core.package_discovery:discover_packages(recursive) using defaults
[0.163s] Level 1:colcon.colcon_core.package_discovery:discover_packages(ignore) discover
[0.163s] Level 1:colcon.colcon_core.package_discovery:discover_packages(ignore) using defaults
[0.163s] Level 1:colcon.colcon_core.package_discovery:discover_packages(path) discover
[0.163s] Level 1:colcon.colcon_core.package_discovery:discover_packages(path) using defaults
[0.179s] Level 5:colcon.colcon_core.verb:set package 'ros_cpp_node' build argument 'cmake_args' from command line to 'None'
[0.179s] Level 5:colcon.colcon_core.verb:set package 'ros_cpp_node' build argument 'cmake_target' from command line to 'None'
[0.179s] Level 5:colcon.colcon_core.verb:set package 'ros_cpp_node' build argument 'cmake_target_skip_unavailable' from command line to 'False'
[0.179s] Level 5:colcon.colcon_core.verb:set package 'ros_cpp_node' build argument 'cmake_clean_cache' from command line to 'False'
[0.179s] Level 5:colcon.colcon_core.verb:set package 'ros_cpp_node' build argument 'cmake_clean_first' from command line to 'False'
[0.179s] Level 5:colcon.colcon_core.verb:set package 'ros_cpp_node' build argument 'cmake_force_configure' from command line to 'False'
[0.179s] Level 5:colcon.colcon_core.verb:set package 'ros_cpp_node' build argument 'ament_cmake_args' from command line to 'None'
[0.179s] Level 5:colcon.colcon_core.verb:set package 'ros_cpp_node' build argument 'catkin_cmake_args' from command line to 'None'
[0.179s] Level 5:colcon.colcon_core.verb:set package 'ros_cpp_node' build argument 'catkin_skip_building_tests' from command line to 'False'
[0.180s] DEBUG:colcon.colcon_core.verb:Building package 'ros_cpp_node' with the following arguments: {'ament_cmake_args': None, 'build_base': '/home/azureuser/robot_learn/ros2_learn/build/ros_cpp_node', 'catkin_cmake_args': None, 'catkin_skip_building_tests': False, 'cmake_args': None, 'cmake_clean_cache': False, 'cmake_clean_first': False, 'cmake_force_configure': False, 'cmake_target': None, 'cmake_target_skip_unavailable': False, 'install_base': '/home/azureuser/robot_learn/ros2_learn/install/ros_cpp_node', 'merge_install': False, 'path': '/home/azureuser/robot_learn/ros2_learn/node', 'symlink_install': False, 'test_result_base': None}
[0.180s] INFO:colcon.colcon_core.executor:Executing jobs using 'parallel' executor
[0.180s] DEBUG:colcon.colcon_parallel_executor.executor.parallel:run_until_complete
[0.180s] INFO:colcon.colcon_ros.task.ament_cmake.build:Building ROS package in '/home/azureuser/robot_learn/ros2_learn/node' with build type 'ament_cmake'
[0.181s] INFO:colcon.colcon_cmake.task.cmake.build:Building CMake package in '/home/azureuser/robot_learn/ros2_learn/node'
[0.183s] INFO:colcon.colcon_core.plugin_system:Skipping extension 'colcon_core.shell.bat': Not used on non-Windows systems
[0.183s] INFO:colcon.colcon_core.shell:Skip shell extension 'powershell' for command environment: Not usable outside of PowerShell
[0.183s] DEBUG:colcon.colcon_core.shell:Skip shell extension 'dsv' for command environment
[0.183s] WARNING:colcon.colcon_core.prefix_path.colcon:The path '/home/azureuser/robot_learn/ros2_learn/node/install' in the environment variable COLCON_PREFIX_PATH doesn't exist
[0.184s] WARNING:colcon.colcon_ros.prefix_path.ament:The path '/home/azureuser/robot_learn/ros2_learn/install/ros_cpp_node' in the environment variable AMENT_PREFIX_PATH doesn't exist
[0.184s] WARNING:colcon.colcon_ros.prefix_path.ament:The path '/home/azureuser/robot_learn/ros2_learn/node/install/ros_cpp_node' in the environment variable AMENT_PREFIX_PATH doesn't exist
[0.184s] WARNING:colcon.colcon_ros.prefix_path.catkin:The path '/home/azureuser/robot_learn/ros2_learn/install/ros_cpp_node' in the environment variable CMAKE_PREFIX_PATH doesn't exist
[0.184s] WARNING:colcon.colcon_ros.prefix_path.catkin:The path '/home/azureuser/robot_learn/ros2_learn/node/install/ros_cpp_node' in the environment variable CMAKE_PREFIX_PATH doesn't exist
[0.192s] DEBUG:colcon.colcon_core.event_handler.log_command:Invoking command in '/home/azureuser/robot_learn/ros2_learn/build/ros_cpp_node': CMAKE_PREFIX_PATH=${CMAKE_PREFIX_PATH}:/opt/ros/jazzy /usr/bin/cmake /home/azureuser/robot_learn/ros2_learn/node -DCMAKE_INSTALL_PREFIX=/home/azureuser/robot_learn/ros2_learn/install/ros_cpp_node
[1.405s] DEBUG:colcon.colcon_core.event_handler.log_command:Invoked command in '/home/azureuser/robot_learn/ros2_learn/build/ros_cpp_node' returned '0': CMAKE_PREFIX_PATH=${CMAKE_PREFIX_PATH}:/opt/ros/jazzy /usr/bin/cmake /home/azureuser/robot_learn/ros2_learn/node -DCMAKE_INSTALL_PREFIX=/home/azureuser/robot_learn/ros2_learn/install/ros_cpp_node
[1.406s] DEBUG:colcon.colcon_core.event_handler.log_command:Invoking command in '/home/azureuser/robot_learn/ros2_learn/build/ros_cpp_node': CMAKE_PREFIX_PATH=${CMAKE_PREFIX_PATH}:/opt/ros/jazzy /usr/bin/cmake --build /home/azureuser/robot_learn/ros2_learn/build/ros_cpp_node -- -j4 -l4
[4.032s] DEBUG:colcon.colcon_core.event_handler.log_command:Invoked command in '/home/azureuser/robot_learn/ros2_learn/build/ros_cpp_node' returned '0': CMAKE_PREFIX_PATH=${CMAKE_PREFIX_PATH}:/opt/ros/jazzy /usr/bin/cmake --build /home/azureuser/robot_learn/ros2_learn/build/ros_cpp_node -- -j4 -l4
[4.042s] DEBUG:colcon.colcon_core.event_handler.log_command:Invoking command in '/home/azureuser/robot_learn/ros2_learn/build/ros_cpp_node': CMAKE_PREFIX_PATH=${CMAKE_PREFIX_PATH}:/opt/ros/jazzy /usr/bin/cmake --install /home/azureuser/robot_learn/ros2_learn/build/ros_cpp_node
[4.055s] Level 1:colcon.colcon_core.environment:create_environment_scripts_only(ros_cpp_node)
[4.056s] DEBUG:colcon.colcon_core.event_handler.log_command:Invoked command in '/home/azureuser/robot_learn/ros2_learn/build/ros_cpp_node' returned '0': CMAKE_PREFIX_PATH=${CMAKE_PREFIX_PATH}:/opt/ros/jazzy /usr/bin/cmake --install /home/azureuser/robot_learn/ros2_learn/build/ros_cpp_node
[4.057s] Level 1:colcon.colcon_core.environment:checking '/home/azureuser/robot_learn/ros2_learn/install/ros_cpp_node' for CMake module files
[4.058s] Level 1:colcon.colcon_core.environment:checking '/home/azureuser/robot_learn/ros2_learn/install/ros_cpp_node' for CMake config files
[4.058s] Level 1:colcon.colcon_core.shell:create_environment_hook('ros_cpp_node', 'cmake_prefix_path')
[4.058s] INFO:colcon.colcon_core.shell:Creating environment hook '/home/azureuser/robot_learn/ros2_learn/install/ros_cpp_node/share/ros_cpp_node/hook/cmake_prefix_path.ps1'
[4.059s] INFO:colcon.colcon_core.shell:Creating environment descriptor '/home/azureuser/robot_learn/ros2_learn/install/ros_cpp_node/share/ros_cpp_node/hook/cmake_prefix_path.dsv'
[4.059s] INFO:colcon.colcon_core.shell:Creating environment hook '/home/azureuser/robot_learn/ros2_learn/install/ros_cpp_node/share/ros_cpp_node/hook/cmake_prefix_path.sh'
[4.060s] Level 1:colcon.colcon_core.environment:checking '/home/azureuser/robot_learn/ros2_learn/install/ros_cpp_node/lib'
[4.060s] Level 1:colcon.colcon_core.environment:checking '/home/azureuser/robot_learn/ros2_learn/install/ros_cpp_node/bin'
[4.060s] Level 1:colcon.colcon_core.environment:checking '/home/azureuser/robot_learn/ros2_learn/install/ros_cpp_node/lib/pkgconfig/ros_cpp_node.pc'
[4.062s] Level 1:colcon.colcon_core.environment:checking '/home/azureuser/robot_learn/ros2_learn/install/ros_cpp_node/lib/python3.12/site-packages'
[4.063s] Level 1:colcon.colcon_core.environment:checking '/home/azureuser/robot_learn/ros2_learn/install/ros_cpp_node/bin'
[4.063s] INFO:colcon.colcon_core.shell:Creating package script '/home/azureuser/robot_learn/ros2_learn/install/ros_cpp_node/share/ros_cpp_node/package.ps1'
[4.064s] INFO:colcon.colcon_core.shell:Creating package descriptor '/home/azureuser/robot_learn/ros2_learn/install/ros_cpp_node/share/ros_cpp_node/package.dsv'
[4.064s] INFO:colcon.colcon_core.shell:Creating package script '/home/azureuser/robot_learn/ros2_learn/install/ros_cpp_node/share/ros_cpp_node/package.sh'
[4.065s] INFO:colcon.colcon_core.shell:Creating package script '/home/azureuser/robot_learn/ros2_learn/install/ros_cpp_node/share/ros_cpp_node/package.bash'
[4.065s] INFO:colcon.colcon_core.shell:Creating package script '/home/azureuser/robot_learn/ros2_learn/install/ros_cpp_node/share/ros_cpp_node/package.zsh'
[4.066s] Level 1:colcon.colcon_core.environment:create_file_with_runtime_dependencies(/home/azureuser/robot_learn/ros2_learn/install/ros_cpp_node/share/colcon-core/packages/ros_cpp_node)
[4.066s] Level 1:colcon.colcon_core.environment:create_environment_scripts_only(ros_cpp_node)
[4.066s] Level 1:colcon.colcon_core.environment:checking '/home/azureuser/robot_learn/ros2_learn/install/ros_cpp_node' for CMake module files
[4.067s] Level 1:colcon.colcon_core.environment:checking '/home/azureuser/robot_learn/ros2_learn/install/ros_cpp_node' for CMake config files
[4.067s] Level 1:colcon.colcon_core.shell:create_environment_hook('ros_cpp_node', 'cmake_prefix_path')
[4.067s] INFO:colcon.colcon_core.shell:Creating environment hook '/home/azureuser/robot_learn/ros2_learn/install/ros_cpp_node/share/ros_cpp_node/hook/cmake_prefix_path.ps1'
[4.068s] INFO:colcon.colcon_core.shell:Creating environment descriptor '/home/azureuser/robot_learn/ros2_learn/install/ros_cpp_node/share/ros_cpp_node/hook/cmake_prefix_path.dsv'
[4.068s] INFO:colcon.colcon_core.shell:Creating environment hook '/home/azureuser/robot_learn/ros2_learn/install/ros_cpp_node/share/ros_cpp_node/hook/cmake_prefix_path.sh'
[4.068s] Level 1:colcon.colcon_core.environment:checking '/home/azureuser/robot_learn/ros2_learn/install/ros_cpp_node/lib'
[4.069s] Level 1:colcon.colcon_core.environment:checking '/home/azureuser/robot_learn/ros2_learn/install/ros_cpp_node/bin'
[4.069s] Level 1:colcon.colcon_core.environment:checking '/home/azureuser/robot_learn/ros2_learn/install/ros_cpp_node/lib/pkgconfig/ros_cpp_node.pc'
[4.069s] Level 1:colcon.colcon_core.environment:checking '/home/azureuser/robot_learn/ros2_learn/install/ros_cpp_node/lib/python3.12/site-packages'
[4.069s] Level 1:colcon.colcon_core.environment:checking '/home/azureuser/robot_learn/ros2_learn/install/ros_cpp_node/bin'
[4.069s] INFO:colcon.colcon_core.shell:Creating package script '/home/azureuser/robot_learn/ros2_learn/install/ros_cpp_node/share/ros_cpp_node/package.ps1'
[4.070s] INFO:colcon.colcon_core.shell:Creating package descriptor '/home/azureuser/robot_learn/ros2_learn/install/ros_cpp_node/share/ros_cpp_node/package.dsv'
[4.070s] INFO:colcon.colcon_core.shell:Creating package script '/home/azureuser/robot_learn/ros2_learn/install/ros_cpp_node/share/ros_cpp_node/package.sh'
[4.071s] INFO:colcon.colcon_core.shell:Creating package script '/home/azureuser/robot_learn/ros2_learn/install/ros_cpp_node/share/ros_cpp_node/package.bash'
[4.071s] INFO:colcon.colcon_core.shell:Creating package script '/home/azureuser/robot_learn/ros2_learn/install/ros_cpp_node/share/ros_cpp_node/package.zsh'
[4.071s] Level 1:colcon.colcon_core.environment:create_file_with_runtime_dependencies(/home/azureuser/robot_learn/ros2_learn/install/ros_cpp_node/share/colcon-core/packages/ros_cpp_node)
[4.072s] DEBUG:colcon.colcon_parallel_executor.executor.parallel:closing loop
[4.072s] DEBUG:colcon.colcon_parallel_executor.executor.parallel:loop closed
[4.072s] DEBUG:colcon.colcon_parallel_executor.executor.parallel:run_until_complete finished with '0'
[4.072s] DEBUG:colcon.colcon_core.event_reactor:joining thread
[4.073s] DEBUG:colcon.colcon_core.event_reactor:joined thread
[4.073s] INFO:colcon.colcon_core.shell:Creating prefix script '/home/azureuser/robot_learn/ros2_learn/install/local_setup.ps1'
[4.074s] INFO:colcon.colcon_core.shell:Creating prefix util module '/home/azureuser/robot_learn/ros2_learn/install/_local_setup_util_ps1.py'
[4.075s] INFO:colcon.colcon_core.shell:Creating prefix chain script '/home/azureuser/robot_learn/ros2_learn/install/setup.ps1'
[4.076s] INFO:colcon.colcon_core.shell:Creating prefix script '/home/azureuser/robot_learn/ros2_learn/install/local_setup.sh'
[4.076s] INFO:colcon.colcon_core.shell:Creating prefix util module '/home/azureuser/robot_learn/ros2_learn/install/_local_setup_util_sh.py'
[4.076s] INFO:colcon.colcon_core.shell:Creating prefix chain script '/home/azureuser/robot_learn/ros2_learn/install/setup.sh'
[4.077s] INFO:colcon.colcon_core.shell:Creating prefix script '/home/azureuser/robot_learn/ros2_learn/install/local_setup.bash'
[4.078s] INFO:colcon.colcon_core.shell:Creating prefix chain script '/home/azureuser/robot_learn/ros2_learn/install/setup.bash'
[4.079s] INFO:colcon.colcon_core.shell:Creating prefix script '/home/azureuser/robot_learn/ros2_learn/install/local_setup.zsh'
[4.079s] INFO:colcon.colcon_core.shell:Creating prefix chain script '/home/azureuser/robot_learn/ros2_learn/install/setup.zsh'
