-- The C compiler identification is GNU 13.3.0
-- The CXX compiler identification is GNU 13.3.0
-- Detecting C compiler ABI info
-- Detecting C compiler ABI info - done
-- Check for working C compiler: /usr/bin/cc - skipped
-- Detecting C compile features
-- Detecting C compile features - done
-- Detecting CXX compiler ABI info
-- Detecting CXX compiler ABI info - done
-- Check for working CXX compiler: /usr/bin/c++ - skipped
-- Detecting CXX compile features
-- Detecting CXX compile features - done
-- Found ament_cmake: 2.5.6 (/opt/ros/jazzy/share/ament_cmake/cmake)
-- Found Python3: /usr/bin/python3 (found version "3.12.3") found components: Interpreter 
-- Found rclcpp: 28.1.21 (/opt/ros/jazzy/share/rclcpp/cmake)
-- Found rosidl_generator_c: 4.6.9 (/opt/ros/jazzy/share/rosidl_generator_c/cmake)
-- Found rosidl_generator_cpp: 4.6.9 (/opt/ros/jazzy/share/rosidl_generator_cpp/cmake)
-- Using all available rosidl_typesupport_c: rosidl_typesupport_fastrtps_c;rosidl_typesupport_introspection_c
-- Using all available rosidl_typesupport_cpp: rosidl_typesupport_fastrtps_cpp;rosidl_typesupport_introspection_cpp
-- Found rmw_implementation_cmake: 7.3.3 (/opt/ros/jazzy/share/rmw_implementation_cmake/cmake)
-- Found rmw_fastrtps_cpp: 8.4.4 (/opt/ros/jazzy/share/rmw_fastrtps_cpp/cmake)
-- Found OpenSSL: /usr/lib/x86_64-linux-gnu/libcrypto.so (found version "3.0.13")  
-- Found FastRTPS: /opt/ros/jazzy/include (Required is at least version "2.13") 
-- Using RMW implementation 'rmw_fastrtps_cpp' as default
-- Configuring done (1.2s)
-- Generating done (0.0s)
-- Build files have been written to: /home/azureuser/robot_learn/ros2_learn/build/ros_cpp_node
[ 50%] [32mBuilding CXX object CMakeFiles/ros_cpp_node.dir/src/ros2_cpp_node.cpp.o[0m
[100%] [32m[1mLinking CXX executable ros_cpp_node[0m
[100%] Built target ros_cpp_node
-- Install configuration: ""
-- Installing: /home/azureuser/robot_learn/ros2_learn/install/ros_cpp_node/lib/ros_cpp_node/ros_cpp_node
-- Set non-toolchain portion of runtime path of "/home/azureuser/robot_learn/ros2_learn/install/ros_cpp_node/lib/ros_cpp_node/ros_cpp_node" to ""
-- Installing: /home/azureuser/robot_learn/ros2_learn/install/ros_cpp_node/share/ament_index/resource_index/package_run_dependencies/ros_cpp_node
-- Installing: /home/azureuser/robot_learn/ros2_learn/install/ros_cpp_node/share/ament_index/resource_index/parent_prefix_path/ros_cpp_node
-- Installing: /home/azureuser/robot_learn/ros2_learn/install/ros_cpp_node/share/ros_cpp_node/environment/ament_prefix_path.sh
-- Installing: /home/azureuser/robot_learn/ros2_learn/install/ros_cpp_node/share/ros_cpp_node/environment/ament_prefix_path.dsv
-- Installing: /home/azureuser/robot_learn/ros2_learn/install/ros_cpp_node/share/ros_cpp_node/environment/path.sh
-- Installing: /home/azureuser/robot_learn/ros2_learn/install/ros_cpp_node/share/ros_cpp_node/environment/path.dsv
-- Installing: /home/azureuser/robot_learn/ros2_learn/install/ros_cpp_node/share/ros_cpp_node/local_setup.bash
-- Installing: /home/azureuser/robot_learn/ros2_learn/install/ros_cpp_node/share/ros_cpp_node/local_setup.sh
-- Installing: /home/azureuser/robot_learn/ros2_learn/install/ros_cpp_node/share/ros_cpp_node/local_setup.zsh
-- Installing: /home/azureuser/robot_learn/ros2_learn/install/ros_cpp_node/share/ros_cpp_node/local_setup.dsv
-- Installing: /home/azureuser/robot_learn/ros2_learn/install/ros_cpp_node/share/ros_cpp_node/package.dsv
-- Installing: /home/azureuser/robot_learn/ros2_learn/install/ros_cpp_node/share/ament_index/resource_index/packages/ros_cpp_node
-- Installing: /home/azureuser/robot_learn/ros2_learn/install/ros_cpp_node/share/ros_cpp_node/cmake/ros_cpp_nodeConfig.cmake
-- Installing: /home/azureuser/robot_learn/ros2_learn/install/ros_cpp_node/share/ros_cpp_node/cmake/ros_cpp_nodeConfig-version.cmake
-- Installing: /home/azureuser/robot_learn/ros2_learn/install/ros_cpp_node/share/ros_cpp_node/package.xml
