[0.012s] Invoking command in '/home/azureuser/robot_learn/ros2_learn/build/ros_cpp_node': CMAKE_PREFIX_PATH=${CMAKE_PREFIX_PATH}:/opt/ros/jazzy /usr/bin/cmake --build /home/azureuser/robot_learn/ros2_learn/build/ros_cpp_node -- -j4 -l4
[0.076s] [100%] Built target ros_cpp_node
[0.087s] Invoked command in '/home/azureuser/robot_learn/ros2_learn/build/ros_cpp_node' returned '0': CMAKE_PREFIX_PATH=${CMAKE_PREFIX_PATH}:/opt/ros/jazzy /usr/bin/cmake --build /home/azureuser/robot_learn/ros2_learn/build/ros_cpp_node -- -j4 -l4
[0.097s] Invoking command in '/home/azureuser/robot_learn/ros2_learn/build/ros_cpp_node': CMAKE_PREFIX_PATH=${CMAKE_PREFIX_PATH}:/opt/ros/jazzy /usr/bin/cmake --install /home/azureuser/robot_learn/ros2_learn/build/ros_cpp_node
[0.105s] -- Install configuration: ""
[0.105s] -- Up-to-date: /home/azureuser/robot_learn/ros2_learn/install/ros_cpp_node/lib/ros_cpp_node/ros_cpp_node
[0.105s] -- Up-to-date: /home/azureuser/robot_learn/ros2_learn/install/ros_cpp_node/share/ament_index/resource_index/package_run_dependencies/ros_cpp_node
[0.106s] -- Up-to-date: /home/azureuser/robot_learn/ros2_learn/install/ros_cpp_node/share/ament_index/resource_index/parent_prefix_path/ros_cpp_node
[0.106s] -- Up-to-date: /home/azureuser/robot_learn/ros2_learn/install/ros_cpp_node/share/ros_cpp_node/environment/ament_prefix_path.sh
[0.106s] -- Up-to-date: /home/azureuser/robot_learn/ros2_learn/install/ros_cpp_node/share/ros_cpp_node/environment/ament_prefix_path.dsv
[0.106s] -- Up-to-date: /home/azureuser/robot_learn/ros2_learn/install/ros_cpp_node/share/ros_cpp_node/environment/path.sh
[0.107s] -- Up-to-date: /home/azureuser/robot_learn/ros2_learn/install/ros_cpp_node/share/ros_cpp_node/environment/path.dsv
[0.107s] -- Up-to-date: /home/azureuser/robot_learn/ros2_learn/install/ros_cpp_node/share/ros_cpp_node/local_setup.bash
[0.107s] -- Up-to-date: /home/azureuser/robot_learn/ros2_learn/install/ros_cpp_node/share/ros_cpp_node/local_setup.sh
[0.107s] -- Up-to-date: /home/azureuser/robot_learn/ros2_learn/install/ros_cpp_node/share/ros_cpp_node/local_setup.zsh
[0.107s] -- Up-to-date: /home/azureuser/robot_learn/ros2_learn/install/ros_cpp_node/share/ros_cpp_node/local_setup.dsv
[0.107s] -- Installing: /home/azureuser/robot_learn/ros2_learn/install/ros_cpp_node/share/ros_cpp_node/package.dsv
[0.108s] -- Up-to-date: /home/azureuser/robot_learn/ros2_learn/install/ros_cpp_node/share/ament_index/resource_index/packages/ros_cpp_node
[0.108s] -- Up-to-date: /home/azureuser/robot_learn/ros2_learn/install/ros_cpp_node/share/ros_cpp_node/cmake/ros_cpp_nodeConfig.cmake
[0.108s] -- Up-to-date: /home/azureuser/robot_learn/ros2_learn/install/ros_cpp_node/share/ros_cpp_node/cmake/ros_cpp_nodeConfig-version.cmake
[0.108s] -- Up-to-date: /home/azureuser/robot_learn/ros2_learn/install/ros_cpp_node/share/ros_cpp_node/package.xml
[0.109s] Invoked command in '/home/azureuser/robot_learn/ros2_learn/build/ros_cpp_node' returned '0': CMAKE_PREFIX_PATH=${CMAKE_PREFIX_PATH}:/opt/ros/jazzy /usr/bin/cmake --install /home/azureuser/robot_learn/ros2_learn/build/ros_cpp_node
